{"D:\\SE\\7\\Test\\src\\app.js": {"path":"D:\\SE\\7\\Test\\src\\app.js","statementMap":{"0":{"start":{"line":1,"column":16},"end":{"line":1,"column":34}},"1":{"start":{"line":2,"column":13},"end":{"line":2,"column":28}},"2":{"start":{"line":3,"column":15},"end":{"line":3,"column":32}},"3":{"start":{"line":4,"column":13},"end":{"line":4,"column":28}},"4":{"start":{"line":7,"column":18},"end":{"line":7,"column":48}},"5":{"start":{"line":10,"column":12},"end":{"line":10,"column":21}},"6":{"start":{"line":13,"column":0},"end":{"line":13,"column":16}},"7":{"start":{"line":14,"column":0},"end":{"line":14,"column":23}},"8":{"start":{"line":15,"column":0},"end":{"line":15,"column":24}},"9":{"start":{"line":16,"column":0},"end":{"line":16,"column":48}},"10":{"start":{"line":19,"column":0},"end":{"line":19,"column":59}},"11":{"start":{"line":22,"column":0},"end":{"line":28,"column":3}},"12":{"start":{"line":23,"column":4},"end":{"line":27,"column":7}},"13":{"start":{"line":30,"column":0},"end":{"line":30,"column":27}},"14":{"start":{"line":33,"column":0},"end":{"line":38,"column":3}},"15":{"start":{"line":34,"column":4},"end":{"line":37,"column":7}},"16":{"start":{"line":41,"column":0},"end":{"line":47,"column":3}},"17":{"start":{"line":42,"column":4},"end":{"line":42,"column":29}},"18":{"start":{"line":43,"column":4},"end":{"line":46,"column":7}},"19":{"start":{"line":49,"column":0},"end":{"line":49,"column":21}}},"fnMap":{"0":{"name":"(anonymous_0)","decl":{"start":{"line":22,"column":13},"end":{"line":22,"column":14}},"loc":{"start":{"line":22,"column":27},"end":{"line":28,"column":1}},"line":22},"1":{"name":"(anonymous_1)","decl":{"start":{"line":33,"column":8},"end":{"line":33,"column":9}},"loc":{"start":{"line":33,"column":22},"end":{"line":38,"column":1}},"line":33},"2":{"name":"(anonymous_2)","decl":{"start":{"line":41,"column":8},"end":{"line":41,"column":9}},"loc":{"start":{"line":41,"column":33},"end":{"line":47,"column":1}},"line":41}},"branchMap":{"0":{"loc":{"start":{"line":43,"column":15},"end":{"line":43,"column":32}},"type":"binary-expr","locations":[{"start":{"line":43,"column":15},"end":{"line":43,"column":25}},{"start":{"line":43,"column":29},"end":{"line":43,"column":32}}],"line":43},"1":{"loc":{"start":{"line":44,"column":15},"end":{"line":44,"column":53}},"type":"binary-expr","locations":[{"start":{"line":44,"column":15},"end":{"line":44,"column":26}},{"start":{"line":44,"column":30},"end":{"line":44,"column":53}}],"line":44},"2":{"loc":{"start":{"line":45,"column":12},"end":{"line":45,"column":74}},"type":"binary-expr","locations":[{"start":{"line":45,"column":12},"end":{"line":45,"column":50}},{"start":{"line":45,"column":54},"end":{"line":45,"column":74}}],"line":45}},"s":{"0":1,"1":1,"2":1,"3":1,"4":1,"5":1,"6":1,"7":1,"8":1,"9":1,"10":1,"11":1,"12":0,"13":1,"14":1,"15":1,"16":1,"17":0,"18":0,"19":1},"f":{"0":0,"1":1,"2":0},"b":{"0":[0,0],"1":[0,0],"2":[0,0]},"_coverageSchema":"1a1c01bbd47fc00a2c39e90264f33305004495a9","hash":"80a04ef628870a0d787af1c662ca8b28eb967192"}
,"D:\\SE\\7\\Test\\src\\controllers\\health.controller.js": {"path":"D:\\SE\\7\\Test\\src\\controllers\\health.controller.js","statementMap":{"0":{"start":{"line":6,"column":22},"end":{"line":6,"column":59}},"1":{"start":{"line":14,"column":20},"end":{"line":25,"column":1}},"2":{"start":{"line":15,"column":4},"end":{"line":24,"column":5}},"3":{"start":{"line":17,"column":29},"end":{"line":17,"column":60}},"4":{"start":{"line":20,"column":8},"end":{"line":20,"column":43}},"5":{"start":{"line":23,"column":8},"end":{"line":23,"column":20}},"6":{"start":{"line":27,"column":0},"end":{"line":29,"column":2}}},"fnMap":{"0":{"name":"(anonymous_0)","decl":{"start":{"line":14,"column":20},"end":{"line":14,"column":21}},"loc":{"start":{"line":14,"column":46},"end":{"line":25,"column":1}},"line":14}},"branchMap":{},"s":{"0":1,"1":1,"2":1,"3":1,"4":1,"5":0,"6":1},"f":{"0":1},"b":{},"_coverageSchema":"1a1c01bbd47fc00a2c39e90264f33305004495a9","hash":"71e01d0481582e8901a810a085646d50cdaa5b30"}
,"D:\\SE\\7\\Test\\src\\routes\\api.routes.js": {"path":"D:\\SE\\7\\Test\\src\\routes\\api.routes.js","statementMap":{"0":{"start":{"line":1,"column":16},"end":{"line":1,"column":34}},"1":{"start":{"line":2,"column":15},"end":{"line":2,"column":31}},"2":{"start":{"line":5,"column":25},"end":{"line":5,"column":68}},"3":{"start":{"line":8,"column":0},"end":{"line":8,"column":52}},"4":{"start":{"line":11,"column":0},"end":{"line":16,"column":3}},"5":{"start":{"line":12,"column":4},"end":{"line":15,"column":7}},"6":{"start":{"line":18,"column":0},"end":{"line":18,"column":24}}},"fnMap":{"0":{"name":"(anonymous_0)","decl":{"start":{"line":11,"column":23},"end":{"line":11,"column":24}},"loc":{"start":{"line":11,"column":37},"end":{"line":16,"column":1}},"line":11}},"branchMap":{},"s":{"0":1,"1":1,"2":1,"3":1,"4":1,"5":1,"6":1},"f":{"0":1},"b":{},"_coverageSchema":"1a1c01bbd47fc00a2c39e90264f33305004495a9","hash":"7d7a872e0585e9c926feeb65643d301f6e89cd08"}
,"D:\\SE\\7\\Test\\src\\services\\health.service.js": {"path":"D:\\SE\\7\\Test\\src\\services\\health.service.js","statementMap":{"0":{"start":{"line":10,"column":24},"end":{"line":23,"column":1}},"1":{"start":{"line":11,"column":25},"end":{"line":20,"column":5}},"2":{"start":{"line":22,"column":4},"end":{"line":22,"column":24}},"3":{"start":{"line":25,"column":0},"end":{"line":27,"column":2}}},"fnMap":{"0":{"name":"(anonymous_0)","decl":{"start":{"line":10,"column":24},"end":{"line":10,"column":25}},"loc":{"start":{"line":10,"column":30},"end":{"line":23,"column":1}},"line":10}},"branchMap":{"0":{"loc":{"start":{"line":15,"column":21},"end":{"line":15,"column":58}},"type":"binary-expr","locations":[{"start":{"line":15,"column":21},"end":{"line":15,"column":41}},{"start":{"line":15,"column":45},"end":{"line":15,"column":58}}],"line":15}},"s":{"0":1,"1":1,"2":1,"3":1},"f":{"0":1},"b":{"0":[1,0]},"_coverageSchema":"1a1c01bbd47fc00a2c39e90264f33305004495a9","hash":"1ed57a0ccc46c0c7b13c0f236c934795644d34df"}
}
